[ 2017-01-06T15:49:28+08:00 ] 127.0.0.1 /
INFO: [ app_init ] --START--
INFO: Run Behavior\BuildLiteBehavior [ RunTime:0.000020s ]
INFO: [ app_init ] --END-- [ RunTime:0.007501s ]
INFO: [ app_begin ] --START--
INFO: Run Behavior\ReadHtmlCacheBehavior [ RunTime:0.003280s ]
INFO: [ app_begin ] --END-- [ RunTime:0.003354s ]
NOTIC: [8] Undefined index: session_id /mnt/c/www/admin-t1/app/Admin/Controller/BaseController.class.php 第 23 行.
NOTIC: [2] session_start(): Cannot start session with empty session ID /mnt/c/www/admin-t1/app/Admin/Controller/BaseController.class.php 第 25 行.
NOTIC: [8] Undefined variable: _SESSION /mnt/c/www/admin-t1/app/Admin/Controller/BaseController.class.php 第 37 行.
NOTIC: [8] Undefined variable: _SESSION /mnt/c/www/admin-t1/app/Admin/Controller/IndexController.class.php 第 17 行.
INFO: [ view_parse ] --START--
INFO: [ template_filter ] --START--
INFO: Run Behavior\ContentReplaceBehavior [ RunTime:0.000157s ]
INFO: [ template_filter ] --END-- [ RunTime:0.000208s ]
INFO: Run Behavior\ParseTemplateBehavior [ RunTime:0.059717s ]
INFO: [ view_parse ] --END-- [ RunTime:0.059774s ]
INFO: [ view_filter ] --START--
INFO: Run Behavior\WriteHtmlCacheBehavior [ RunTime:0.008232s ]
INFO: [ view_filter ] --END-- [ RunTime:0.008277s ]
INFO: [ app_end ] --START--
INFO: Run Behavior\ShowPageTraceBehavior [ RunTime:0.002515s ]
INFO: [ app_end ] --END-- [ RunTime:0.002552s ]

[ 2017-01-06T15:49:30+08:00 ] 127.0.0.1 /index.php/Admin/Publisher/index.html
INFO: [ app_init ] --START--
INFO: Run Behavior\BuildLiteBehavior [ RunTime:0.000015s ]
INFO: [ app_init ] --END-- [ RunTime:0.000094s ]
INFO: [ app_begin ] --START--
INFO: Run Behavior\ReadHtmlCacheBehavior [ RunTime:0.000360s ]
INFO: [ app_begin ] --END-- [ RunTime:0.000410s ]
NOTIC: [8] Undefined index: session_id /mnt/c/www/admin-t1/app/Admin/Controller/BaseController.class.php 第 23 行.
NOTIC: [2] session_start(): Cannot start session with empty session ID /mnt/c/www/admin-t1/app/Admin/Controller/BaseController.class.php 第 25 行.
NOTIC: [8] Undefined variable: _SESSION /mnt/c/www/admin-t1/app/Admin/Controller/BaseController.class.php 第 37 行.
INFO: [ view_parse ] --START--
INFO: [ template_filter ] --START--
INFO: Run Behavior\ContentReplaceBehavior [ RunTime:0.000061s ]
INFO: [ template_filter ] --END-- [ RunTime:0.000104s ]
INFO: Run Behavior\ParseTemplateBehavior [ RunTime:0.020561s ]
INFO: [ view_parse ] --END-- [ RunTime:0.020617s ]
INFO: [ view_filter ] --START--
INFO: Run Behavior\WriteHtmlCacheBehavior [ RunTime:0.000538s ]
INFO: [ view_filter ] --END-- [ RunTime:0.000570s ]
INFO: [ app_end ] --START--
INFO: Run Behavior\ShowPageTraceBehavior [ RunTime:0.000428s ]
INFO: [ app_end ] --END-- [ RunTime:0.000461s ]

[ 2017-01-06T15:49:31+08:00 ] 127.0.0.1 /index.php/Admin/Publisher/userInfo
INFO: [ app_init ] --START--
INFO: Run Behavior\BuildLiteBehavior [ RunTime:0.000018s ]
INFO: [ app_init ] --END-- [ RunTime:0.000810s ]
INFO: [ app_begin ] --START--
INFO: Run Behavior\ReadHtmlCacheBehavior [ RunTime:0.001090s ]
INFO: [ app_begin ] --END-- [ RunTime:0.001146s ]
NOTIC: [8] Undefined index: session_id /mnt/c/www/admin-t1/app/Admin/Controller/BaseController.class.php 第 23 行.
NOTIC: [2] session_start(): Cannot start session with empty session ID /mnt/c/www/admin-t1/app/Admin/Controller/BaseController.class.php 第 25 行.
NOTIC: [8] Undefined variable: _SESSION /mnt/c/www/admin-t1/app/Admin/Controller/BaseController.class.php 第 37 行.
ERR: 非法操作:userInfo

[ 2017-01-06T15:51:09+08:00 ] 127.0.0.1 /index.php/Admin/Publisher/index.html
INFO: [ app_init ] --START--
INFO: Run Behavior\BuildLiteBehavior [ RunTime:0.000008s ]
INFO: [ app_init ] --END-- [ RunTime:0.000219s ]
INFO: [ app_begin ] --START--
INFO: Run Behavior\ReadHtmlCacheBehavior [ RunTime:0.000507s ]
INFO: [ app_begin ] --END-- [ RunTime:0.000534s ]
NOTIC: [8] Undefined index: session_id /mnt/c/www/admin-t1/app/Admin/Controller/BaseController.class.php 第 23 行.
NOTIC: [2] session_start(): Cannot start session with empty session ID /mnt/c/www/admin-t1/app/Admin/Controller/BaseController.class.php 第 25 行.
NOTIC: [8] Undefined variable: _SESSION /mnt/c/www/admin-t1/app/Admin/Controller/BaseController.class.php 第 37 行.
INFO: [ view_parse ] --START--
INFO: [ template_filter ] --START--
INFO: Run Behavior\ContentReplaceBehavior [ RunTime:0.000046s ]
INFO: [ template_filter ] --END-- [ RunTime:0.000075s ]
INFO: Run Behavior\ParseTemplateBehavior [ RunTime:0.009591s ]
INFO: [ view_parse ] --END-- [ RunTime:0.009634s ]
INFO: [ view_filter ] --START--
INFO: Run Behavior\WriteHtmlCacheBehavior [ RunTime:0.000793s ]
INFO: [ view_filter ] --END-- [ RunTime:0.000810s ]
INFO: [ app_end ] --START--
INFO: Run Behavior\ShowPageTraceBehavior [ RunTime:0.000529s ]
INFO: [ app_end ] --END-- [ RunTime:0.000543s ]

[ 2017-01-06T15:51:09+08:00 ] 127.0.0.1 /index.php/Admin/Publisher/userInfo
INFO: [ app_init ] --START--
INFO: Run Behavior\BuildLiteBehavior [ RunTime:0.000010s ]
INFO: [ app_init ] --END-- [ RunTime:0.000063s ]
INFO: [ app_begin ] --START--
INFO: Run Behavior\ReadHtmlCacheBehavior [ RunTime:0.000364s ]
INFO: [ app_begin ] --END-- [ RunTime:0.000399s ]
NOTIC: [8] Undefined index: session_id /mnt/c/www/admin-t1/app/Admin/Controller/BaseController.class.php 第 23 行.
NOTIC: [2] session_start(): Cannot start session with empty session ID /mnt/c/www/admin-t1/app/Admin/Controller/BaseController.class.php 第 25 行.
NOTIC: [8] Undefined variable: _SESSION /mnt/c/www/admin-t1/app/Admin/Controller/BaseController.class.php 第 37 行.
ERR: 非法操作:userInfo

[ 2017-01-06T15:51:14+08:00 ] 127.0.0.1 /index.php/Admin/Publisher/index.html
INFO: [ app_init ] --START--
INFO: Run Behavior\BuildLiteBehavior [ RunTime:0.000008s ]
INFO: [ app_init ] --END-- [ RunTime:0.000408s ]
INFO: [ app_begin ] --START--
INFO: Run Behavior\ReadHtmlCacheBehavior [ RunTime:0.000512s ]
INFO: [ app_begin ] --END-- [ RunTime:0.000532s ]
NOTIC: [8] Undefined index: session_id /mnt/c/www/admin-t1/app/Admin/Controller/BaseController.class.php 第 23 行.
NOTIC: [2] session_start(): Cannot start session with empty session ID /mnt/c/www/admin-t1/app/Admin/Controller/BaseController.class.php 第 25 行.
NOTIC: [8] Undefined variable: _SESSION /mnt/c/www/admin-t1/app/Admin/Controller/BaseController.class.php 第 37 行.
INFO: [ view_parse ] --START--
INFO: [ template_filter ] --START--
INFO: Run Behavior\ContentReplaceBehavior [ RunTime:0.000042s ]
INFO: [ template_filter ] --END-- [ RunTime:0.000062s ]
INFO: Run Behavior\ParseTemplateBehavior [ RunTime:0.008218s ]
INFO: [ view_parse ] --END-- [ RunTime:0.008247s ]
INFO: [ view_filter ] --START--
INFO: Run Behavior\WriteHtmlCacheBehavior [ RunTime:0.000611s ]
INFO: [ view_filter ] --END-- [ RunTime:0.000627s ]
INFO: [ app_end ] --START--
INFO: Run Behavior\ShowPageTraceBehavior [ RunTime:0.000539s ]
INFO: [ app_end ] --END-- [ RunTime:0.000553s ]

[ 2017-01-06T15:51:14+08:00 ] 127.0.0.1 /index.php/Admin/Publisher/userInfo
INFO: [ app_init ] --START--
INFO: Run Behavior\BuildLiteBehavior [ RunTime:0.000007s ]
INFO: [ app_init ] --END-- [ RunTime:0.000048s ]
INFO: [ app_begin ] --START--
INFO: Run Behavior\ReadHtmlCacheBehavior [ RunTime:0.000274s ]
INFO: [ app_begin ] --END-- [ RunTime:0.000306s ]
NOTIC: [8] Undefined index: session_id /mnt/c/www/admin-t1/app/Admin/Controller/BaseController.class.php 第 23 行.
NOTIC: [2] session_start(): Cannot start session with empty session ID /mnt/c/www/admin-t1/app/Admin/Controller/BaseController.class.php 第 25 行.
NOTIC: [8] Undefined variable: _SESSION /mnt/c/www/admin-t1/app/Admin/Controller/BaseController.class.php 第 37 行.
ERR: 非法操作:userInfo

[ 2017-01-06T15:51:25+08:00 ] 127.0.0.1 /index.php/Admin/Publisher/index.html
INFO: [ app_init ] --START--
INFO: Run Behavior\BuildLiteBehavior [ RunTime:0.000011s ]
INFO: [ app_init ] --END-- [ RunTime:0.000536s ]
INFO: [ app_begin ] --START--
INFO: Run Behavior\ReadHtmlCacheBehavior [ RunTime:0.000409s ]
INFO: [ app_begin ] --END-- [ RunTime:0.000431s ]
NOTIC: [8] Undefined index: session_id /mnt/c/www/admin-t1/app/Admin/Controller/BaseController.class.php 第 23 行.
NOTIC: [2] session_start(): Cannot start session with empty session ID /mnt/c/www/admin-t1/app/Admin/Controller/BaseController.class.php 第 25 行.
NOTIC: [8] Undefined variable: _SESSION /mnt/c/www/admin-t1/app/Admin/Controller/BaseController.class.php 第 37 行.
INFO: [ view_parse ] --START--
INFO: [ template_filter ] --START--
INFO: Run Behavior\ContentReplaceBehavior [ RunTime:0.000050s ]
INFO: [ template_filter ] --END-- [ RunTime:0.000077s ]
INFO: Run Behavior\ParseTemplateBehavior [ RunTime:0.053863s ]
INFO: [ view_parse ] --END-- [ RunTime:0.053904s ]
INFO: [ view_filter ] --START--
INFO: Run Behavior\WriteHtmlCacheBehavior [ RunTime:0.002523s ]
INFO: [ view_filter ] --END-- [ RunTime:0.002567s ]
INFO: [ app_end ] --START--
INFO: Run Behavior\ShowPageTraceBehavior [ RunTime:0.000598s ]
INFO: [ app_end ] --END-- [ RunTime:0.000635s ]

[ 2017-01-06T15:51:26+08:00 ] 127.0.0.1 /index.php/Admin/Publisher/getData
INFO: [ app_init ] --START--
INFO: Run Behavior\BuildLiteBehavior [ RunTime:0.000014s ]
INFO: [ app_init ] --END-- [ RunTime:0.000093s ]
INFO: [ app_begin ] --START--
INFO: Run Behavior\ReadHtmlCacheBehavior [ RunTime:0.000254s ]
INFO: [ app_begin ] --END-- [ RunTime:0.000290s ]
NOTIC: [8] Undefined index: session_id /mnt/c/www/admin-t1/app/Admin/Controller/BaseController.class.php 第 23 行.
NOTIC: [2] session_start(): Cannot start session with empty session ID /mnt/c/www/admin-t1/app/Admin/Controller/BaseController.class.php 第 25 行.
NOTIC: [8] Undefined variable: _SESSION /mnt/c/www/admin-t1/app/Admin/Controller/BaseController.class.php 第 37 行.
ERR: 无法加载数据库驱动: Think\Db\Driver\

[ 2017-01-06T15:53:03+08:00 ] 127.0.0.1 /index.php/Admin/Publisher/index.html
INFO: [ app_init ] --START--
INFO: Run Behavior\BuildLiteBehavior [ RunTime:0.000011s ]
INFO: [ app_init ] --END-- [ RunTime:0.000525s ]
INFO: [ app_begin ] --START--
INFO: Run Behavior\ReadHtmlCacheBehavior [ RunTime:0.005216s ]
INFO: [ app_begin ] --END-- [ RunTime:0.005333s ]
NOTIC: [8] Undefined index: session_id /mnt/c/www/admin-t1/app/Admin/Controller/BaseController.class.php 第 23 行.
NOTIC: [2] session_start(): Cannot start session with empty session ID /mnt/c/www/admin-t1/app/Admin/Controller/BaseController.class.php 第 25 行.
NOTIC: [8] Undefined variable: _SESSION /mnt/c/www/admin-t1/app/Admin/Controller/BaseController.class.php 第 37 行.
INFO: [ view_parse ] --START--
INFO: [ template_filter ] --START--
INFO: Run Behavior\ContentReplaceBehavior [ RunTime:0.000060s ]
INFO: [ template_filter ] --END-- [ RunTime:0.000103s ]
INFO: Run Behavior\ParseTemplateBehavior [ RunTime:0.013117s ]
INFO: [ view_parse ] --END-- [ RunTime:0.013164s ]
INFO: [ view_filter ] --START--
INFO: Run Behavior\WriteHtmlCacheBehavior [ RunTime:0.000878s ]
INFO: [ view_filter ] --END-- [ RunTime:0.000901s ]
INFO: [ app_end ] --START--
INFO: Run Behavior\ShowPageTraceBehavior [ RunTime:0.000632s ]
INFO: [ app_end ] --END-- [ RunTime:0.000648s ]

[ 2017-01-06T15:53:04+08:00 ] 127.0.0.1 /index.php/Admin/Publisher/getData
INFO: [ app_init ] --START--
INFO: Run Behavior\BuildLiteBehavior [ RunTime:0.000009s ]
INFO: [ app_init ] --END-- [ RunTime:0.000058s ]
INFO: [ app_begin ] --START--
INFO: Run Behavior\ReadHtmlCacheBehavior [ RunTime:0.000447s ]
INFO: [ app_begin ] --END-- [ RunTime:0.000505s ]
NOTIC: [8] Undefined index: session_id /mnt/c/www/admin-t1/app/Admin/Controller/BaseController.class.php 第 23 行.
NOTIC: [2] session_start(): Cannot start session with empty session ID /mnt/c/www/admin-t1/app/Admin/Controller/BaseController.class.php 第 25 行.
NOTIC: [8] Undefined variable: _SESSION /mnt/c/www/admin-t1/app/Admin/Controller/BaseController.class.php 第 37 行.
SQL: SHOW COLUMNS FROM `t_publisher` [ RunTime:0.0030s ]
SQL: SELECT * FROM `t_publisher`  [ RunTime:0.1369s ]
INFO: [ app_end ] --START--
INFO: Run Behavior\ShowPageTraceBehavior [ RunTime:0.000592s ]
INFO: [ app_end ] --END-- [ RunTime:0.000656s ]

[ 2017-01-06T15:53:21+08:00 ] 127.0.0.1 /index.php/Admin/Publisher/index.html
INFO: [ app_init ] --START--
INFO: Run Behavior\BuildLiteBehavior [ RunTime:0.000011s ]
INFO: [ app_init ] --END-- [ RunTime:0.000634s ]
INFO: [ app_begin ] --START--
INFO: Run Behavior\ReadHtmlCacheBehavior [ RunTime:0.000906s ]
INFO: [ app_begin ] --END-- [ RunTime:0.000935s ]
NOTIC: [8] Undefined index: session_id /mnt/c/www/admin-t1/app/Admin/Controller/BaseController.class.php 第 23 行.
NOTIC: [2] session_start(): Cannot start session with empty session ID /mnt/c/www/admin-t1/app/Admin/Controller/BaseController.class.php 第 25 行.
NOTIC: [8] Undefined variable: _SESSION /mnt/c/www/admin-t1/app/Admin/Controller/BaseController.class.php 第 37 行.
INFO: [ view_parse ] --START--
INFO: [ template_filter ] --START--
INFO: Run Behavior\ContentReplaceBehavior [ RunTime:0.000066s ]
INFO: [ template_filter ] --END-- [ RunTime:0.000112s ]
INFO: Run Behavior\ParseTemplateBehavior [ RunTime:0.059277s ]
INFO: [ view_parse ] --END-- [ RunTime:0.059316s ]
INFO: [ view_filter ] --START--
INFO: Run Behavior\WriteHtmlCacheBehavior [ RunTime:0.000987s ]
INFO: [ view_filter ] --END-- [ RunTime:0.001011s ]
INFO: [ app_end ] --START--
INFO: Run Behavior\ShowPageTraceBehavior [ RunTime:0.000893s ]
INFO: [ app_end ] --END-- [ RunTime:0.000914s ]

[ 2017-01-06T15:53:22+08:00 ] 127.0.0.1 /index.php/Admin/Publisher/getData
INFO: [ app_init ] --START--
INFO: Run Behavior\BuildLiteBehavior [ RunTime:0.000007s ]
INFO: [ app_init ] --END-- [ RunTime:0.000052s ]
INFO: [ app_begin ] --START--
INFO: Run Behavior\ReadHtmlCacheBehavior [ RunTime:0.000475s ]
INFO: [ app_begin ] --END-- [ RunTime:0.000511s ]
NOTIC: [8] Undefined index: session_id /mnt/c/www/admin-t1/app/Admin/Controller/BaseController.class.php 第 23 行.
NOTIC: [2] session_start(): Cannot start session with empty session ID /mnt/c/www/admin-t1/app/Admin/Controller/BaseController.class.php 第 25 行.
NOTIC: [8] Undefined variable: _SESSION /mnt/c/www/admin-t1/app/Admin/Controller/BaseController.class.php 第 37 行.
SQL: SHOW COLUMNS FROM `t_publisher` [ RunTime:0.0037s ]
SQL: SELECT * FROM `t_publisher`  [ RunTime:0.0149s ]
INFO: [ app_end ] --START--
INFO: Run Behavior\ShowPageTraceBehavior [ RunTime:0.000915s ]
INFO: [ app_end ] --END-- [ RunTime:0.001019s ]

[ 2017-01-06T15:54:14+08:00 ] 127.0.0.1 /index.php/Admin/Publisher/index.html
INFO: [ app_init ] --START--
INFO: Run Behavior\BuildLiteBehavior [ RunTime:0.000007s ]
INFO: [ app_init ] --END-- [ RunTime:0.000213s ]
INFO: [ app_begin ] --START--
INFO: Run Behavior\ReadHtmlCacheBehavior [ RunTime:0.000366s ]
INFO: [ app_begin ] --END-- [ RunTime:0.000388s ]
NOTIC: [8] Undefined index: session_id /mnt/c/www/admin-t1/app/Admin/Controller/BaseController.class.php 第 23 行.
NOTIC: [2] session_start(): Cannot start session with empty session ID /mnt/c/www/admin-t1/app/Admin/Controller/BaseController.class.php 第 25 行.
NOTIC: [8] Undefined variable: _SESSION /mnt/c/www/admin-t1/app/Admin/Controller/BaseController.class.php 第 37 行.
INFO: [ view_parse ] --START--
INFO: [ template_filter ] --START--
INFO: Run Behavior\ContentReplaceBehavior [ RunTime:0.000043s ]
INFO: [ template_filter ] --END-- [ RunTime:0.000068s ]
INFO: Run Behavior\ParseTemplateBehavior [ RunTime:0.005270s ]
INFO: [ view_parse ] --END-- [ RunTime:0.005303s ]
INFO: [ view_filter ] --START--
INFO: Run Behavior\WriteHtmlCacheBehavior [ RunTime:0.000417s ]
INFO: [ view_filter ] --END-- [ RunTime:0.000432s ]
INFO: [ app_end ] --START--
INFO: Run Behavior\ShowPageTraceBehavior [ RunTime:0.000401s ]
INFO: [ app_end ] --END-- [ RunTime:0.000415s ]

[ 2017-01-06T15:54:15+08:00 ] 127.0.0.1 /index.php/Admin/Publisher/getData
INFO: [ app_init ] --START--
INFO: Run Behavior\BuildLiteBehavior [ RunTime:0.000010s ]
INFO: [ app_init ] --END-- [ RunTime:0.000073s ]
INFO: [ app_begin ] --START--
INFO: Run Behavior\ReadHtmlCacheBehavior [ RunTime:0.000237s ]
INFO: [ app_begin ] --END-- [ RunTime:0.000265s ]
NOTIC: [8] Undefined index: session_id /mnt/c/www/admin-t1/app/Admin/Controller/BaseController.class.php 第 23 行.
NOTIC: [2] session_start(): Cannot start session with empty session ID /mnt/c/www/admin-t1/app/Admin/Controller/BaseController.class.php 第 25 行.
NOTIC: [8] Undefined variable: _SESSION /mnt/c/www/admin-t1/app/Admin/Controller/BaseController.class.php 第 37 行.
SQL: SHOW COLUMNS FROM `t_publisher` [ RunTime:0.0036s ]
SQL: SELECT * FROM `t_publisher`  [ RunTime:0.0158s ]
INFO: [ app_end ] --START--
INFO: Run Behavior\ShowPageTraceBehavior [ RunTime:0.000481s ]
INFO: [ app_end ] --END-- [ RunTime:0.000532s ]

[ 2017-01-06T15:54:35+08:00 ] 127.0.0.1 /index.php/Admin/Publisher/index.html
INFO: [ app_init ] --START--
INFO: Run Behavior\BuildLiteBehavior [ RunTime:0.000008s ]
INFO: [ app_init ] --END-- [ RunTime:0.000400s ]
INFO: [ app_begin ] --START--
INFO: Run Behavior\ReadHtmlCacheBehavior [ RunTime:0.000804s ]
INFO: [ app_begin ] --END-- [ RunTime:0.000835s ]
NOTIC: [8] Undefined index: session_id /mnt/c/www/admin-t1/app/Admin/Controller/BaseController.class.php 第 23 行.
NOTIC: [2] session_start(): Cannot start session with empty session ID /mnt/c/www/admin-t1/app/Admin/Controller/BaseController.class.php 第 25 行.
NOTIC: [8] Undefined variable: _SESSION /mnt/c/www/admin-t1/app/Admin/Controller/BaseController.class.php 第 37 行.
INFO: [ view_parse ] --START--
INFO: [ template_filter ] --START--
INFO: Run Behavior\ContentReplaceBehavior [ RunTime:0.000075s ]
INFO: [ template_filter ] --END-- [ RunTime:0.000115s ]
INFO: Run Behavior\ParseTemplateBehavior [ RunTime:0.030147s ]
INFO: [ view_parse ] --END-- [ RunTime:0.030175s ]
INFO: [ view_filter ] --START--
INFO: Run Behavior\WriteHtmlCacheBehavior [ RunTime:0.000729s ]
INFO: [ view_filter ] --END-- [ RunTime:0.000744s ]
INFO: [ app_end ] --START--
INFO: Run Behavior\ShowPageTraceBehavior [ RunTime:0.000672s ]
INFO: [ app_end ] --END-- [ RunTime:0.000686s ]

[ 2017-01-06T15:54:35+08:00 ] 127.0.0.1 /index.php/Admin/Publisher/getData
INFO: [ app_init ] --START--
INFO: Run Behavior\BuildLiteBehavior [ RunTime:0.000009s ]
INFO: [ app_init ] --END-- [ RunTime:0.000056s ]
INFO: [ app_begin ] --START--
INFO: Run Behavior\ReadHtmlCacheBehavior [ RunTime:0.000222s ]
INFO: [ app_begin ] --END-- [ RunTime:0.000247s ]
NOTIC: [8] Undefined index: session_id /mnt/c/www/admin-t1/app/Admin/Controller/BaseController.class.php 第 23 行.
NOTIC: [2] session_start(): Cannot start session with empty session ID /mnt/c/www/admin-t1/app/Admin/Controller/BaseController.class.php 第 25 行.
NOTIC: [8] Undefined variable: _SESSION /mnt/c/www/admin-t1/app/Admin/Controller/BaseController.class.php 第 37 行.
SQL: SHOW COLUMNS FROM `t_publisher` [ RunTime:0.0035s ]
SQL: SELECT * FROM `t_publisher`  [ RunTime:0.0114s ]
INFO: [ app_end ] --START--
INFO: Run Behavior\ShowPageTraceBehavior [ RunTime:0.000375s ]
INFO: [ app_end ] --END-- [ RunTime:0.000430s ]

[ 2017-01-06T15:54:53+08:00 ] 127.0.0.1 /index.php/Admin/Publisher/index.html
INFO: [ app_init ] --START--
INFO: Run Behavior\BuildLiteBehavior [ RunTime:0.000009s ]
INFO: [ app_init ] --END-- [ RunTime:0.000232s ]
INFO: [ app_begin ] --START--
INFO: Run Behavior\ReadHtmlCacheBehavior [ RunTime:0.000652s ]
INFO: [ app_begin ] --END-- [ RunTime:0.000673s ]
NOTIC: [8] Undefined index: session_id /mnt/c/www/admin-t1/app/Admin/Controller/BaseController.class.php 第 23 行.
NOTIC: [2] session_start(): Cannot start session with empty session ID /mnt/c/www/admin-t1/app/Admin/Controller/BaseController.class.php 第 25 行.
NOTIC: [8] Undefined variable: _SESSION /mnt/c/www/admin-t1/app/Admin/Controller/BaseController.class.php 第 37 行.
INFO: [ view_parse ] --START--
INFO: [ template_filter ] --START--
INFO: Run Behavior\ContentReplaceBehavior [ RunTime:0.000045s ]
INFO: [ template_filter ] --END-- [ RunTime:0.000076s ]
INFO: Run Behavior\ParseTemplateBehavior [ RunTime:0.012629s ]
INFO: [ view_parse ] --END-- [ RunTime:0.012661s ]
INFO: [ view_filter ] --START--
INFO: Run Behavior\WriteHtmlCacheBehavior [ RunTime:0.000824s ]
INFO: [ view_filter ] --END-- [ RunTime:0.000842s ]
INFO: [ app_end ] --START--
INFO: Run Behavior\ShowPageTraceBehavior [ RunTime:0.000676s ]
INFO: [ app_end ] --END-- [ RunTime:0.000690s ]

[ 2017-01-06T15:54:53+08:00 ] 127.0.0.1 /index.php/Admin/Publisher/getData
INFO: [ app_init ] --START--
INFO: Run Behavior\BuildLiteBehavior [ RunTime:0.000012s ]
INFO: [ app_init ] --END-- [ RunTime:0.000092s ]
INFO: [ app_begin ] --START--
INFO: Run Behavior\ReadHtmlCacheBehavior [ RunTime:0.000273s ]
INFO: [ app_begin ] --END-- [ RunTime:0.000308s ]
NOTIC: [8] Undefined index: session_id /mnt/c/www/admin-t1/app/Admin/Controller/BaseController.class.php 第 23 行.
NOTIC: [2] session_start(): Cannot start session with empty session ID /mnt/c/www/admin-t1/app/Admin/Controller/BaseController.class.php 第 25 行.
NOTIC: [8] Undefined variable: _SESSION /mnt/c/www/admin-t1/app/Admin/Controller/BaseController.class.php 第 37 行.
SQL: SHOW COLUMNS FROM `t_publisher` [ RunTime:0.0028s ]
SQL: SELECT * FROM `t_publisher`  [ RunTime:0.0141s ]
INFO: [ app_end ] --START--
INFO: Run Behavior\ShowPageTraceBehavior [ RunTime:0.000528s ]
INFO: [ app_end ] --END-- [ RunTime:0.000599s ]

[ 2017-01-06T15:56:01+08:00 ] 127.0.0.1 /index.php/Admin/Publisher/index.html
INFO: [ app_init ] --START--
INFO: Run Behavior\BuildLiteBehavior [ RunTime:0.000010s ]
INFO: [ app_init ] --END-- [ RunTime:0.000513s ]
INFO: [ app_begin ] --START--
INFO: Run Behavior\ReadHtmlCacheBehavior [ RunTime:0.000606s ]
INFO: [ app_begin ] --END-- [ RunTime:0.000626s ]
NOTIC: [8] Undefined index: session_id /mnt/c/www/admin-t1/app/Admin/Controller/BaseController.class.php 第 23 行.
NOTIC: [2] session_start(): Cannot start session with empty session ID /mnt/c/www/admin-t1/app/Admin/Controller/BaseController.class.php 第 25 行.
NOTIC: [8] Undefined variable: _SESSION /mnt/c/www/admin-t1/app/Admin/Controller/BaseController.class.php 第 37 行.
INFO: [ view_parse ] --START--
INFO: [ template_filter ] --START--
INFO: Run Behavior\ContentReplaceBehavior [ RunTime:0.000078s ]
INFO: [ template_filter ] --END-- [ RunTime:0.000116s ]
INFO: Run Behavior\ParseTemplateBehavior [ RunTime:0.032605s ]
INFO: [ view_parse ] --END-- [ RunTime:0.032644s ]
INFO: [ view_filter ] --START--
INFO: Run Behavior\WriteHtmlCacheBehavior [ RunTime:0.000897s ]
INFO: [ view_filter ] --END-- [ RunTime:0.000925s ]
INFO: [ app_end ] --START--
INFO: Run Behavior\ShowPageTraceBehavior [ RunTime:0.000627s ]
INFO: [ app_end ] --END-- [ RunTime:0.000645s ]

[ 2017-01-06T15:56:17+08:00 ] 127.0.0.1 /index.php/Admin/Publisher/index.html
INFO: [ app_init ] --START--
INFO: Run Behavior\BuildLiteBehavior [ RunTime:0.000021s ]
INFO: [ app_init ] --END-- [ RunTime:0.000801s ]
INFO: [ app_begin ] --START--
INFO: Run Behavior\ReadHtmlCacheBehavior [ RunTime:0.000951s ]
INFO: [ app_begin ] --END-- [ RunTime:0.000990s ]
NOTIC: [8] Undefined index: session_id /mnt/c/www/admin-t1/app/Admin/Controller/BaseController.class.php 第 23 行.
NOTIC: [2] session_start(): Cannot start session with empty session ID /mnt/c/www/admin-t1/app/Admin/Controller/BaseController.class.php 第 25 行.
NOTIC: [8] Undefined variable: _SESSION /mnt/c/www/admin-t1/app/Admin/Controller/BaseController.class.php 第 37 行.
INFO: [ view_parse ] --START--
INFO: [ template_filter ] --START--
INFO: Run Behavior\ContentReplaceBehavior [ RunTime:0.000062s ]
INFO: [ template_filter ] --END-- [ RunTime:0.000094s ]
INFO: Run Behavior\ParseTemplateBehavior [ RunTime:0.038326s ]
INFO: [ view_parse ] --END-- [ RunTime:0.038365s ]
INFO: [ view_filter ] --START--
INFO: Run Behavior\WriteHtmlCacheBehavior [ RunTime:0.000920s ]
INFO: [ view_filter ] --END-- [ RunTime:0.000950s ]
INFO: [ app_end ] --START--
INFO: Run Behavior\ShowPageTraceBehavior [ RunTime:0.001023s ]
INFO: [ app_end ] --END-- [ RunTime:0.001053s ]

[ 2017-01-06T15:56:17+08:00 ] 127.0.0.1 /index.php/Admin/Publisher/getData
INFO: [ app_init ] --START--
INFO: Run Behavior\BuildLiteBehavior [ RunTime:0.000011s ]
INFO: [ app_init ] --END-- [ RunTime:0.000065s ]
INFO: [ app_begin ] --START--
INFO: Run Behavior\ReadHtmlCacheBehavior [ RunTime:0.000344s ]
INFO: [ app_begin ] --END-- [ RunTime:0.000375s ]
NOTIC: [8] Undefined index: session_id /mnt/c/www/admin-t1/app/Admin/Controller/BaseController.class.php 第 23 行.
NOTIC: [2] session_start(): Cannot start session with empty session ID /mnt/c/www/admin-t1/app/Admin/Controller/BaseController.class.php 第 25 行.
NOTIC: [8] Undefined variable: _SESSION /mnt/c/www/admin-t1/app/Admin/Controller/BaseController.class.php 第 37 行.
SQL: SHOW COLUMNS FROM `t_publisher` [ RunTime:0.0036s ]
SQL: SELECT * FROM `t_publisher`  [ RunTime:0.0154s ]
INFO: [ app_end ] --START--
INFO: Run Behavior\ShowPageTraceBehavior [ RunTime:0.000549s ]
INFO: [ app_end ] --END-- [ RunTime:0.000627s ]

[ 2017-01-06T15:56:27+08:00 ] 127.0.0.1 /index.php/Admin/Publisher/index.html
INFO: [ app_init ] --START--
INFO: Run Behavior\BuildLiteBehavior [ RunTime:0.000008s ]
INFO: [ app_init ] --END-- [ RunTime:0.000251s ]
INFO: [ app_begin ] --START--
INFO: Run Behavior\ReadHtmlCacheBehavior [ RunTime:0.000408s ]
INFO: [ app_begin ] --END-- [ RunTime:0.000430s ]
NOTIC: [8] Undefined index: session_id /mnt/c/www/admin-t1/app/Admin/Controller/BaseController.class.php 第 23 行.
NOTIC: [2] session_start(): Cannot start session with empty session ID /mnt/c/www/admin-t1/app/Admin/Controller/BaseController.class.php 第 25 行.
NOTIC: [8] Undefined variable: _SESSION /mnt/c/www/admin-t1/app/Admin/Controller/BaseController.class.php 第 37 行.
INFO: [ view_parse ] --START--
INFO: [ template_filter ] --START--
INFO: Run Behavior\ContentReplaceBehavior [ RunTime:0.000050s ]
INFO: [ template_filter ] --END-- [ RunTime:0.000072s ]
INFO: Run Behavior\ParseTemplateBehavior [ RunTime:0.033258s ]
INFO: [ view_parse ] --END-- [ RunTime:0.033291s ]
INFO: [ view_filter ] --START--
INFO: Run Behavior\WriteHtmlCacheBehavior [ RunTime:0.000487s ]
INFO: [ view_filter ] --END-- [ RunTime:0.000507s ]
INFO: [ app_end ] --START--
INFO: Run Behavior\ShowPageTraceBehavior [ RunTime:0.000629s ]
INFO: [ app_end ] --END-- [ RunTime:0.000659s ]

[ 2017-01-06T15:56:28+08:00 ] 127.0.0.1 /index.php/Admin/Publisher/getData
INFO: [ app_init ] --START--
INFO: Run Behavior\BuildLiteBehavior [ RunTime:0.000008s ]
INFO: [ app_init ] --END-- [ RunTime:0.000053s ]
INFO: [ app_begin ] --START--
INFO: Run Behavior\ReadHtmlCacheBehavior [ RunTime:0.000234s ]
INFO: [ app_begin ] --END-- [ RunTime:0.000255s ]
NOTIC: [8] Undefined index: session_id /mnt/c/www/admin-t1/app/Admin/Controller/BaseController.class.php 第 23 行.
NOTIC: [2] session_start(): Cannot start session with empty session ID /mnt/c/www/admin-t1/app/Admin/Controller/BaseController.class.php 第 25 行.
NOTIC: [8] Undefined variable: _SESSION /mnt/c/www/admin-t1/app/Admin/Controller/BaseController.class.php 第 37 行.
SQL: SHOW COLUMNS FROM `t_publisher` [ RunTime:0.0032s ]
SQL: SELECT * FROM `t_publisher`  [ RunTime:0.0151s ]
INFO: [ app_end ] --START--
INFO: Run Behavior\ShowPageTraceBehavior [ RunTime:0.000523s ]
INFO: [ app_end ] --END-- [ RunTime:0.000588s ]

[ 2017-01-06T15:56:37+08:00 ] 127.0.0.1 /index.php/Admin/Publisher/index.html
INFO: [ app_init ] --START--
INFO: Run Behavior\BuildLiteBehavior [ RunTime:0.000009s ]
INFO: [ app_init ] --END-- [ RunTime:0.000292s ]
INFO: [ app_begin ] --START--
INFO: Run Behavior\ReadHtmlCacheBehavior [ RunTime:0.000788s ]
INFO: [ app_begin ] --END-- [ RunTime:0.000835s ]
NOTIC: [8] Undefined index: session_id /mnt/c/www/admin-t1/app/Admin/Controller/BaseController.class.php 第 23 行.
NOTIC: [2] session_start(): Cannot start session with empty session ID /mnt/c/www/admin-t1/app/Admin/Controller/BaseController.class.php 第 25 行.
NOTIC: [8] Undefined variable: _SESSION /mnt/c/www/admin-t1/app/Admin/Controller/BaseController.class.php 第 37 行.
INFO: [ view_parse ] --START--
INFO: [ template_filter ] --START--
INFO: Run Behavior\ContentReplaceBehavior [ RunTime:0.000062s ]
INFO: [ template_filter ] --END-- [ RunTime:0.000106s ]
INFO: Run Behavior\ParseTemplateBehavior [ RunTime:0.027751s ]
INFO: [ view_parse ] --END-- [ RunTime:0.027779s ]
INFO: [ view_filter ] --START--
INFO: Run Behavior\WriteHtmlCacheBehavior [ RunTime:0.000513s ]
INFO: [ view_filter ] --END-- [ RunTime:0.000530s ]
INFO: [ app_end ] --START--
INFO: Run Behavior\ShowPageTraceBehavior [ RunTime:0.000430s ]
INFO: [ app_end ] --END-- [ RunTime:0.000453s ]

[ 2017-01-06T15:56:37+08:00 ] 127.0.0.1 /index.php/Admin/Publisher/getData
INFO: [ app_init ] --START--
INFO: Run Behavior\BuildLiteBehavior [ RunTime:0.000011s ]
INFO: [ app_init ] --END-- [ RunTime:0.000078s ]
INFO: [ app_begin ] --START--
INFO: Run Behavior\ReadHtmlCacheBehavior [ RunTime:0.000231s ]
INFO: [ app_begin ] --END-- [ RunTime:0.000261s ]
NOTIC: [8] Undefined index: session_id /mnt/c/www/admin-t1/app/Admin/Controller/BaseController.class.php 第 23 行.
NOTIC: [2] session_start(): Cannot start session with empty session ID /mnt/c/www/admin-t1/app/Admin/Controller/BaseController.class.php 第 25 行.
NOTIC: [8] Undefined variable: _SESSION /mnt/c/www/admin-t1/app/Admin/Controller/BaseController.class.php 第 37 行.
SQL: SHOW COLUMNS FROM `t_publisher` [ RunTime:0.0030s ]
SQL: SELECT * FROM `t_publisher`  [ RunTime:0.0151s ]
INFO: [ app_end ] --START--
INFO: Run Behavior\ShowPageTraceBehavior [ RunTime:0.000468s ]
INFO: [ app_end ] --END-- [ RunTime:0.000537s ]

